C:\USERS\MRDIMAS\DESKTOP\PRINTER\SOFT\SOFT\DEBUG\.NETFRAMEWORK,VERSION=V4.0.ASSEMBLYATTRIBUTES.OBJ
C:\USERS\MRDIMAS\DESKTOP\PRINTER\SOFT\SOFT\DEBUG\APP.RES
C:\USERS\MRDIMAS\DESKTOP\PRINTER\SOFT\SOFT\DEBUG\ASSEMBLYINFO.OBJ
C:\Users\mrDIMAS\Desktop\printer\soft\soft\Debug\cl.command.1.tlog
C:\Users\mrDIMAS\Desktop\printer\soft\soft\Debug\CL.read.1.tlog
C:\Users\mrDIMAS\Desktop\printer\soft\soft\Debug\CL.write.1.tlog
C:\Users\mrDIMAS\Desktop\printer\soft\soft\Debug\GenerateResource.read.1.tlog
C:\Users\mrDIMAS\Desktop\printer\soft\soft\Debug\GenerateResource.read.10.tlog
C:\Users\mrDIMAS\Desktop\printer\soft\soft\Debug\GenerateResource.read.12.tlog
C:\Users\mrDIMAS\Desktop\printer\soft\soft\Debug\GenerateResource.read.16.tlog
C:\Users\mrDIMAS\Desktop\printer\soft\soft\Debug\GenerateResource.read.7.tlog
C:\Users\mrDIMAS\Desktop\printer\soft\soft\Debug\GenerateResource.write.1.tlog
C:\Users\mrDIMAS\Desktop\printer\soft\soft\Debug\GenerateResource.write.10.tlog
C:\Users\mrDIMAS\Desktop\printer\soft\soft\Debug\GenerateResource.write.12.tlog
C:\Users\mrDIMAS\Desktop\printer\soft\soft\Debug\GenerateResource.write.16.tlog
C:\Users\mrDIMAS\Desktop\printer\soft\soft\Debug\GenerateResource.write.7.tlog
C:\Users\mrDIMAS\Desktop\printer\soft\soft\Debug\link.1276.read.1.tlog
C:\Users\mrDIMAS\Desktop\printer\soft\soft\Debug\link.1276.write.1.tlog
C:\Users\mrDIMAS\Desktop\printer\soft\soft\Debug\link.1276-cvtres.read.1.tlog
C:\Users\mrDIMAS\Desktop\printer\soft\soft\Debug\link.1276-cvtres.write.1.tlog
C:\Users\mrDIMAS\Desktop\printer\soft\soft\Debug\link.1732.read.1.tlog
C:\Users\mrDIMAS\Desktop\printer\soft\soft\Debug\link.1732.write.1.tlog
C:\Users\mrDIMAS\Desktop\printer\soft\soft\Debug\link.1732-cvtres.read.1.tlog
C:\Users\mrDIMAS\Desktop\printer\soft\soft\Debug\link.1732-cvtres.write.1.tlog
C:\Users\mrDIMAS\Desktop\printer\soft\soft\Debug\link.2120.read.1.tlog
C:\Users\mrDIMAS\Desktop\printer\soft\soft\Debug\link.2120.write.1.tlog
C:\Users\mrDIMAS\Desktop\printer\soft\soft\Debug\link.2120-cvtres.read.1.tlog
C:\Users\mrDIMAS\Desktop\printer\soft\soft\Debug\link.2120-cvtres.write.1.tlog
C:\Users\mrDIMAS\Desktop\printer\soft\soft\Debug\link.2624.read.1.tlog
C:\Users\mrDIMAS\Desktop\printer\soft\soft\Debug\link.2624.write.1.tlog
C:\Users\mrDIMAS\Desktop\printer\soft\soft\Debug\link.2624-cvtres.read.1.tlog
C:\Users\mrDIMAS\Desktop\printer\soft\soft\Debug\link.2624-cvtres.write.1.tlog
C:\Users\mrDIMAS\Desktop\printer\soft\soft\Debug\link.2948.read.1.tlog
C:\Users\mrDIMAS\Desktop\printer\soft\soft\Debug\link.2948.write.1.tlog
C:\Users\mrDIMAS\Desktop\printer\soft\soft\Debug\link.2948-cvtres.read.1.tlog
C:\Users\mrDIMAS\Desktop\printer\soft\soft\Debug\link.2948-cvtres.write.1.tlog
C:\Users\mrDIMAS\Desktop\printer\soft\soft\Debug\link.3096.read.1.tlog
C:\Users\mrDIMAS\Desktop\printer\soft\soft\Debug\link.3096.write.1.tlog
C:\Users\mrDIMAS\Desktop\printer\soft\soft\Debug\link.3096-cvtres.read.1.tlog
C:\Users\mrDIMAS\Desktop\printer\soft\soft\Debug\link.3096-cvtres.write.1.tlog
C:\Users\mrDIMAS\Desktop\printer\soft\soft\Debug\link.3240.read.1.tlog
C:\Users\mrDIMAS\Desktop\printer\soft\soft\Debug\link.3240.write.1.tlog
C:\Users\mrDIMAS\Desktop\printer\soft\soft\Debug\link.3240-cvtres.read.1.tlog
C:\Users\mrDIMAS\Desktop\printer\soft\soft\Debug\link.3240-cvtres.write.1.tlog
C:\Users\mrDIMAS\Desktop\printer\soft\soft\Debug\link.3300.read.1.tlog
C:\Users\mrDIMAS\Desktop\printer\soft\soft\Debug\link.3300.write.1.tlog
C:\Users\mrDIMAS\Desktop\printer\soft\soft\Debug\link.3300-cvtres.read.1.tlog
C:\Users\mrDIMAS\Desktop\printer\soft\soft\Debug\link.3300-cvtres.write.1.tlog
C:\Users\mrDIMAS\Desktop\printer\soft\soft\Debug\link.3608.read.1.tlog
C:\Users\mrDIMAS\Desktop\printer\soft\soft\Debug\link.3608.write.1.tlog
C:\Users\mrDIMAS\Desktop\printer\soft\soft\Debug\link.3608-cvtres.read.1.tlog
C:\Users\mrDIMAS\Desktop\printer\soft\soft\Debug\link.3608-cvtres.write.1.tlog
C:\Users\mrDIMAS\Desktop\printer\soft\soft\Debug\link.3984.read.1.tlog
C:\Users\mrDIMAS\Desktop\printer\soft\soft\Debug\link.3984.write.1.tlog
C:\Users\mrDIMAS\Desktop\printer\soft\soft\Debug\link.3984-cvtres.read.1.tlog
C:\Users\mrDIMAS\Desktop\printer\soft\soft\Debug\link.3984-cvtres.write.1.tlog
C:\Users\mrDIMAS\Desktop\printer\soft\soft\Debug\link.4540.read.1.tlog
C:\Users\mrDIMAS\Desktop\printer\soft\soft\Debug\link.4540.write.1.tlog
C:\Users\mrDIMAS\Desktop\printer\soft\soft\Debug\link.4540-cvtres.read.1.tlog
C:\Users\mrDIMAS\Desktop\printer\soft\soft\Debug\link.4540-cvtres.write.1.tlog
C:\Users\mrDIMAS\Desktop\printer\soft\soft\Debug\link.4616.read.1.tlog
C:\Users\mrDIMAS\Desktop\printer\soft\soft\Debug\link.4616.write.1.tlog
C:\Users\mrDIMAS\Desktop\printer\soft\soft\Debug\link.4616-cvtres.read.1.tlog
C:\Users\mrDIMAS\Desktop\printer\soft\soft\Debug\link.4616-cvtres.write.1.tlog
C:\Users\mrDIMAS\Desktop\printer\soft\soft\Debug\link.4668.read.1.tlog
C:\Users\mrDIMAS\Desktop\printer\soft\soft\Debug\link.4668.write.1.tlog
C:\Users\mrDIMAS\Desktop\printer\soft\soft\Debug\link.4668-cvtres.read.1.tlog
C:\Users\mrDIMAS\Desktop\printer\soft\soft\Debug\link.4668-cvtres.write.1.tlog
C:\Users\mrDIMAS\Desktop\printer\soft\soft\Debug\link.4808.read.1.tlog
C:\Users\mrDIMAS\Desktop\printer\soft\soft\Debug\link.4808.write.1.tlog
C:\Users\mrDIMAS\Desktop\printer\soft\soft\Debug\link.4808-cvtres.read.1.tlog
C:\Users\mrDIMAS\Desktop\printer\soft\soft\Debug\link.4808-cvtres.write.1.tlog
C:\Users\mrDIMAS\Desktop\printer\soft\soft\Debug\link.4820.read.1.tlog
C:\Users\mrDIMAS\Desktop\printer\soft\soft\Debug\link.4820.write.1.tlog
C:\Users\mrDIMAS\Desktop\printer\soft\soft\Debug\link.4820-cvtres.read.1.tlog
C:\Users\mrDIMAS\Desktop\printer\soft\soft\Debug\link.4820-cvtres.write.1.tlog
C:\Users\mrDIMAS\Desktop\printer\soft\soft\Debug\link.4844.read.1.tlog
C:\Users\mrDIMAS\Desktop\printer\soft\soft\Debug\link.4844.write.1.tlog
C:\Users\mrDIMAS\Desktop\printer\soft\soft\Debug\link.4844-cvtres.read.1.tlog
C:\Users\mrDIMAS\Desktop\printer\soft\soft\Debug\link.4844-cvtres.write.1.tlog
C:\Users\mrDIMAS\Desktop\printer\soft\soft\Debug\link.4960.read.1.tlog
C:\Users\mrDIMAS\Desktop\printer\soft\soft\Debug\link.4960.write.1.tlog
C:\Users\mrDIMAS\Desktop\printer\soft\soft\Debug\link.4960-cvtres.read.1.tlog
C:\Users\mrDIMAS\Desktop\printer\soft\soft\Debug\link.4960-cvtres.write.1.tlog
C:\Users\mrDIMAS\Desktop\printer\soft\soft\Debug\link.4976.read.1.tlog
C:\Users\mrDIMAS\Desktop\printer\soft\soft\Debug\link.4976.write.1.tlog
C:\Users\mrDIMAS\Desktop\printer\soft\soft\Debug\link.4976-cvtres.read.1.tlog
C:\Users\mrDIMAS\Desktop\printer\soft\soft\Debug\link.4976-cvtres.write.1.tlog
C:\Users\mrDIMAS\Desktop\printer\soft\soft\Debug\link.912.read.1.tlog
C:\Users\mrDIMAS\Desktop\printer\soft\soft\Debug\link.912.write.1.tlog
C:\Users\mrDIMAS\Desktop\printer\soft\soft\Debug\link.912-cvtres.read.1.tlog
C:\Users\mrDIMAS\Desktop\printer\soft\soft\Debug\link.912-cvtres.write.1.tlog
C:\Users\mrDIMAS\Desktop\printer\soft\soft\Debug\link.command.1.tlog
C:\Users\mrDIMAS\Desktop\printer\soft\soft\Debug\link.read.1.tlog
C:\Users\mrDIMAS\Desktop\printer\soft\soft\Debug\link.write.1.tlog
C:\Users\mrDIMAS\Desktop\printer\soft\soft\Debug\metagen.read.1.tlog
C:\Users\mrDIMAS\Desktop\printer\soft\soft\Debug\metagen.write.1.tlog
C:\Users\mrDIMAS\Desktop\printer\soft\soft\Debug\mt.command.1.tlog
C:\Users\mrDIMAS\Desktop\printer\soft\soft\Debug\mt.read.1.tlog
C:\Users\mrDIMAS\Desktop\printer\soft\soft\Debug\mt.write.1.tlog
C:\Users\mrDIMAS\Desktop\printer\soft\soft\Debug\rc.command.1.tlog
C:\Users\mrDIMAS\Desktop\printer\soft\soft\Debug\rc.read.1.tlog
C:\Users\mrDIMAS\Desktop\printer\soft\soft\Debug\rc.write.1.tlog
C:\Users\mrDIMAS\Desktop\printer\soft\soft\Debug\RSAENH.DLL.bi
C:\USERS\MRDIMAS\DESKTOP\PRINTER\SOFT\SOFT\DEBUG\SOFT.EXE
C:\USERS\MRDIMAS\DESKTOP\PRINTER\SOFT\SOFT\DEBUG\SOFT.EXE.INTERMEDIATE.MANIFEST
C:\Users\mrDIMAS\Desktop\printer\soft\soft\Debug\soft.exe.metagen
C:\USERS\MRDIMAS\DESKTOP\PRINTER\SOFT\SOFT\DEBUG\SOFT.FORM1.RESOURCES
C:\USERS\MRDIMAS\DESKTOP\PRINTER\SOFT\SOFT\DEBUG\SOFT.ILK
C:\Users\mrDIMAS\Desktop\printer\soft\soft\Debug\soft.obj
C:\USERS\MRDIMAS\DESKTOP\PRINTER\SOFT\SOFT\DEBUG\SOFT.PCH
C:\USERS\MRDIMAS\DESKTOP\PRINTER\SOFT\SOFT\DEBUG\SOFT.PDB
C:\Users\mrDIMAS\Desktop\printer\soft\soft\Debug\soft.write.1.tlog
C:\USERS\MRDIMAS\DESKTOP\PRINTER\SOFT\SOFT\DEBUG\STDAFX.OBJ
C:\Users\mrDIMAS\Desktop\printer\soft\soft\Debug\TZRES.DLL.bi
C:\USERS\MRDIMAS\DESKTOP\PRINTER\SOFT\SOFT\DEBUG\VC100.PDB
